Grammar

    0 $accept: function $end

    1 function: function_header optional_variable body

    2 function_header: FUNCTION IDENTIFIER parameter_ RETURNS type ';'
    3                | error ';'

    4 optional_variable: optional_variable variable
    5                  | error ';'
    6                  | ε

    7 variable: IDENTIFIER ':' type IS statement_

    8 parameter_: parameter_ ',' parameter
    9           | parameter
   10           | ε

   11 parameter: IDENTIFIER ':' type

   12 type: INTEGER
   13     | BOOLEAN
   14     | REAL

   15 body: BEGIN_ statement_ END ';'

   16 statement_: statement ';'
   17           | error ';'

   18 statement: expression
   19          | REDUCE operator reduction_ ENDREDUCE
   20          | IF expression THEN statement_ ELSE statement_ ENDIF

   21 $@1: ε

   22 statement: CASE expression $@1 IS case_ OTHERS ARROW statement_ ENDCASE

   23 operator: ADDOP
   24         | MULOP

   25 case_: case_ case
   26      | ε

   27 case: WHEN INT_LITERAL ARROW statement_

   28 reduction_: reduction_ statement_
   29           | ε

   30 expression: expression OROP relation
   31           | binary_op

   32 binary_op: binary_op ANDOP relation
   33          | relation

   34 relation: relation RELOP term
   35         | term

   36 term: term ADDOP factor
   37     | factor

   38 factor: factor MULOP exp_op
   39       | factor REMOP exp_op
   40       | exp_op

   41 exp_op: unary_op EXPOP exp_op
   42       | unary_op

   43 unary_op: NOTOP primary
   44         | primary

   45 primary: '(' expression ')'
   46        | INT_LITERAL
   47        | REAL_LITERAL
   48        | BOOL_LITERAL
   49        | IDENTIFIER


Terminals, with rules where they appear

    $end (0) 0
    '(' (40) 45
    ')' (41) 45
    ',' (44) 8
    ':' (58) 7 11
    ';' (59) 2 3 5 15 16 17
    error (256) 3 5 17
    IDENTIFIER <iden> (258) 2 7 11 49
    INT_LITERAL <type> (259) 27 46
    BOOL_LITERAL <type> (260) 48
    REAL_LITERAL <type> (261) 47
    ADDOP (262) 23 36
    MULOP (263) 24 38
    REMOP (264) 39
    EXPOP (265) 41
    OROP (266) 30
    ANDOP (267) 32
    RELOP (268) 34
    NOTOP (269) 43
    INTEGER (270) 12
    REAL (271) 14
    BOOLEAN (272) 13
    BEGIN_ (273) 15
    END (274) 15
    FUNCTION (275) 2
    IS (276) 7 22
    RETURNS (277) 2
    REDUCE (278) 19
    ENDREDUCE (279) 19
    IF (280) 20
    THEN (281) 20
    ELSE (282) 20
    ENDIF (283) 20
    CASE (284) 22
    WHEN (285) 27
    ARROW (286) 22 27
    OTHERS (287) 22
    ENDCASE (288) 22


Nonterminals, with rules where they appear

    $accept (39)
        on left: 0
    function (40)
        on left: 1
        on right: 0
    function_header (41)
        on left: 2 3
        on right: 1
    optional_variable (42)
        on left: 4 5 6
        on right: 1 4
    variable (43)
        on left: 7
        on right: 4
    parameter_ (44)
        on left: 8 9 10
        on right: 2 8
    parameter (45)
        on left: 11
        on right: 8 9
    type <type> (46)
        on left: 12 13 14
        on right: 2 7 11
    body (47)
        on left: 15
        on right: 1
    statement_ <type> (48)
        on left: 16 17
        on right: 7 15 20 22 27 28
    statement <type> (49)
        on left: 18 19 20 22
        on right: 16
    $@1 (50)
        on left: 21
        on right: 22
    operator (51)
        on left: 23 24
        on right: 19
    case_ <type> (52)
        on left: 25 26
        on right: 22 25
    case <type> (53)
        on left: 27
        on right: 25
    reduction_ <type> (54)
        on left: 28 29
        on right: 19 28
    expression <type> (55)
        on left: 30 31
        on right: 18 20 22 30 45
    binary_op <type> (56)
        on left: 32 33
        on right: 31 32
    relation <type> (57)
        on left: 34 35
        on right: 30 32 33 34
    term <type> (58)
        on left: 36 37
        on right: 34 35 36
    factor <type> (59)
        on left: 38 39 40
        on right: 36 37 38 39
    exp_op <type> (60)
        on left: 41 42
        on right: 38 39 40 41
    unary_op <type> (61)
        on left: 43 44
        on right: 41 42
    primary <type> (62)
        on left: 45 46 47 48 49
        on right: 43 44


State 0

    0 $accept: • function $end

    error     shift, and go to state 1
    FUNCTION  shift, and go to state 2

    function         go to state 3
    function_header  go to state 4


State 1

    3 function_header: error • ';'

    ';'  shift, and go to state 5


State 2

    2 function_header: FUNCTION • IDENTIFIER parameter_ RETURNS type ';'

    IDENTIFIER  shift, and go to state 6


State 3

    0 $accept: function • $end

    $end  shift, and go to state 7


State 4

    1 function: function_header • optional_variable body

    error  shift, and go to state 8

    IDENTIFIER  reduce using rule 6 (optional_variable)
    BEGIN_      reduce using rule 6 (optional_variable)

    optional_variable  go to state 9


State 5

    3 function_header: error ';' •

    $default  reduce using rule 3 (function_header)


State 6

    2 function_header: FUNCTION IDENTIFIER • parameter_ RETURNS type ';'

    IDENTIFIER  shift, and go to state 10

    $default  reduce using rule 10 (parameter_)

    parameter_  go to state 11
    parameter   go to state 12


State 7

    0 $accept: function $end •

    $default  accept


State 8

    5 optional_variable: error • ';'

    ';'  shift, and go to state 13


State 9

    1 function: function_header optional_variable • body
    4 optional_variable: optional_variable • variable

    IDENTIFIER  shift, and go to state 14
    BEGIN_      shift, and go to state 15

    variable  go to state 16
    body      go to state 17


State 10

   11 parameter: IDENTIFIER • ':' type

    ':'  shift, and go to state 18


State 11

    2 function_header: FUNCTION IDENTIFIER parameter_ • RETURNS type ';'
    8 parameter_: parameter_ • ',' parameter

    RETURNS  shift, and go to state 19
    ','      shift, and go to state 20


State 12

    9 parameter_: parameter •

    $default  reduce using rule 9 (parameter_)


State 13

    5 optional_variable: error ';' •

    $default  reduce using rule 5 (optional_variable)


State 14

    7 variable: IDENTIFIER • ':' type IS statement_

    ':'  shift, and go to state 21


State 15

   15 body: BEGIN_ • statement_ END ';'

    error         shift, and go to state 22
    IDENTIFIER    shift, and go to state 23
    INT_LITERAL   shift, and go to state 24
    BOOL_LITERAL  shift, and go to state 25
    REAL_LITERAL  shift, and go to state 26
    NOTOP         shift, and go to state 27
    REDUCE        shift, and go to state 28
    IF            shift, and go to state 29
    CASE          shift, and go to state 30
    '('           shift, and go to state 31

    statement_  go to state 32
    statement   go to state 33
    expression  go to state 34
    binary_op   go to state 35
    relation    go to state 36
    term        go to state 37
    factor      go to state 38
    exp_op      go to state 39
    unary_op    go to state 40
    primary     go to state 41


State 16

    4 optional_variable: optional_variable variable •

    $default  reduce using rule 4 (optional_variable)


State 17

    1 function: function_header optional_variable body •

    $default  reduce using rule 1 (function)


State 18

   11 parameter: IDENTIFIER ':' • type

    INTEGER  shift, and go to state 42
    REAL     shift, and go to state 43
    BOOLEAN  shift, and go to state 44

    type  go to state 45


State 19

    2 function_header: FUNCTION IDENTIFIER parameter_ RETURNS • type ';'

    INTEGER  shift, and go to state 42
    REAL     shift, and go to state 43
    BOOLEAN  shift, and go to state 44

    type  go to state 46


State 20

    8 parameter_: parameter_ ',' • parameter

    IDENTIFIER  shift, and go to state 10

    parameter  go to state 47


State 21

    7 variable: IDENTIFIER ':' • type IS statement_

    INTEGER  shift, and go to state 42
    REAL     shift, and go to state 43
    BOOLEAN  shift, and go to state 44

    type  go to state 48


State 22

   17 statement_: error • ';'

    ';'  shift, and go to state 49


State 23

   49 primary: IDENTIFIER •

    $default  reduce using rule 49 (primary)


State 24

   46 primary: INT_LITERAL •

    $default  reduce using rule 46 (primary)


State 25

   48 primary: BOOL_LITERAL •

    $default  reduce using rule 48 (primary)


State 26

   47 primary: REAL_LITERAL •

    $default  reduce using rule 47 (primary)


State 27

   43 unary_op: NOTOP • primary

    IDENTIFIER    shift, and go to state 23
    INT_LITERAL   shift, and go to state 24
    BOOL_LITERAL  shift, and go to state 25
    REAL_LITERAL  shift, and go to state 26
    '('           shift, and go to state 31

    primary  go to state 50


State 28

   19 statement: REDUCE • operator reduction_ ENDREDUCE

    ADDOP  shift, and go to state 51
    MULOP  shift, and go to state 52

    operator  go to state 53


State 29

   20 statement: IF • expression THEN statement_ ELSE statement_ ENDIF

    IDENTIFIER    shift, and go to state 23
    INT_LITERAL   shift, and go to state 24
    BOOL_LITERAL  shift, and go to state 25
    REAL_LITERAL  shift, and go to state 26
    NOTOP         shift, and go to state 27
    '('           shift, and go to state 31

    expression  go to state 54
    binary_op   go to state 35
    relation    go to state 36
    term        go to state 37
    factor      go to state 38
    exp_op      go to state 39
    unary_op    go to state 40
    primary     go to state 41


State 30

   22 statement: CASE • expression $@1 IS case_ OTHERS ARROW statement_ ENDCASE

    IDENTIFIER    shift, and go to state 23
    INT_LITERAL   shift, and go to state 24
    BOOL_LITERAL  shift, and go to state 25
    REAL_LITERAL  shift, and go to state 26
    NOTOP         shift, and go to state 27
    '('           shift, and go to state 31

    expression  go to state 55
    binary_op   go to state 35
    relation    go to state 36
    term        go to state 37
    factor      go to state 38
    exp_op      go to state 39
    unary_op    go to state 40
    primary     go to state 41


State 31

   45 primary: '(' • expression ')'

    IDENTIFIER    shift, and go to state 23
    INT_LITERAL   shift, and go to state 24
    BOOL_LITERAL  shift, and go to state 25
    REAL_LITERAL  shift, and go to state 26
    NOTOP         shift, and go to state 27
    '('           shift, and go to state 31

    expression  go to state 56
    binary_op   go to state 35
    relation    go to state 36
    term        go to state 37
    factor      go to state 38
    exp_op      go to state 39
    unary_op    go to state 40
    primary     go to state 41


State 32

   15 body: BEGIN_ statement_ • END ';'

    END  shift, and go to state 57


State 33

   16 statement_: statement • ';'

    ';'  shift, and go to state 58


State 34

   18 statement: expression •
   30 expression: expression • OROP relation

    OROP  shift, and go to state 59

    $default  reduce using rule 18 (statement)


State 35

   31 expression: binary_op •
   32 binary_op: binary_op • ANDOP relation

    ANDOP  shift, and go to state 60

    $default  reduce using rule 31 (expression)


State 36

   33 binary_op: relation •
   34 relation: relation • RELOP term

    RELOP  shift, and go to state 61

    $default  reduce using rule 33 (binary_op)


State 37

   35 relation: term •
   36 term: term • ADDOP factor

    ADDOP  shift, and go to state 62

    $default  reduce using rule 35 (relation)


State 38

   37 term: factor •
   38 factor: factor • MULOP exp_op
   39       | factor • REMOP exp_op

    MULOP  shift, and go to state 63
    REMOP  shift, and go to state 64

    $default  reduce using rule 37 (term)


State 39

   40 factor: exp_op •

    $default  reduce using rule 40 (factor)


State 40

   41 exp_op: unary_op • EXPOP exp_op
   42       | unary_op •

    EXPOP  shift, and go to state 65

    $default  reduce using rule 42 (exp_op)


State 41

   44 unary_op: primary •

    $default  reduce using rule 44 (unary_op)


State 42

   12 type: INTEGER •

    $default  reduce using rule 12 (type)


State 43

   14 type: REAL •

    $default  reduce using rule 14 (type)


State 44

   13 type: BOOLEAN •

    $default  reduce using rule 13 (type)


State 45

   11 parameter: IDENTIFIER ':' type •

    $default  reduce using rule 11 (parameter)


State 46

    2 function_header: FUNCTION IDENTIFIER parameter_ RETURNS type • ';'

    ';'  shift, and go to state 66


State 47

    8 parameter_: parameter_ ',' parameter •

    $default  reduce using rule 8 (parameter_)


State 48

    7 variable: IDENTIFIER ':' type • IS statement_

    IS  shift, and go to state 67


State 49

   17 statement_: error ';' •

    $default  reduce using rule 17 (statement_)


State 50

   43 unary_op: NOTOP primary •

    $default  reduce using rule 43 (unary_op)


State 51

   23 operator: ADDOP •

    $default  reduce using rule 23 (operator)


State 52

   24 operator: MULOP •

    $default  reduce using rule 24 (operator)


State 53

   19 statement: REDUCE operator • reduction_ ENDREDUCE

    $default  reduce using rule 29 (reduction_)

    reduction_  go to state 68


State 54

   20 statement: IF expression • THEN statement_ ELSE statement_ ENDIF
   30 expression: expression • OROP relation

    OROP  shift, and go to state 59
    THEN  shift, and go to state 69


State 55

   22 statement: CASE expression • $@1 IS case_ OTHERS ARROW statement_ ENDCASE
   30 expression: expression • OROP relation

    OROP  shift, and go to state 59

    $default  reduce using rule 21 ($@1)

    $@1  go to state 70


State 56

   30 expression: expression • OROP relation
   45 primary: '(' expression • ')'

    OROP  shift, and go to state 59
    ')'   shift, and go to state 71


State 57

   15 body: BEGIN_ statement_ END • ';'

    ';'  shift, and go to state 72


State 58

   16 statement_: statement ';' •

    $default  reduce using rule 16 (statement_)


State 59

   30 expression: expression OROP • relation

    IDENTIFIER    shift, and go to state 23
    INT_LITERAL   shift, and go to state 24
    BOOL_LITERAL  shift, and go to state 25
    REAL_LITERAL  shift, and go to state 26
    NOTOP         shift, and go to state 27
    '('           shift, and go to state 31

    relation  go to state 73
    term      go to state 37
    factor    go to state 38
    exp_op    go to state 39
    unary_op  go to state 40
    primary   go to state 41


State 60

   32 binary_op: binary_op ANDOP • relation

    IDENTIFIER    shift, and go to state 23
    INT_LITERAL   shift, and go to state 24
    BOOL_LITERAL  shift, and go to state 25
    REAL_LITERAL  shift, and go to state 26
    NOTOP         shift, and go to state 27
    '('           shift, and go to state 31

    relation  go to state 74
    term      go to state 37
    factor    go to state 38
    exp_op    go to state 39
    unary_op  go to state 40
    primary   go to state 41


State 61

   34 relation: relation RELOP • term

    IDENTIFIER    shift, and go to state 23
    INT_LITERAL   shift, and go to state 24
    BOOL_LITERAL  shift, and go to state 25
    REAL_LITERAL  shift, and go to state 26
    NOTOP         shift, and go to state 27
    '('           shift, and go to state 31

    term      go to state 75
    factor    go to state 38
    exp_op    go to state 39
    unary_op  go to state 40
    primary   go to state 41


State 62

   36 term: term ADDOP • factor

    IDENTIFIER    shift, and go to state 23
    INT_LITERAL   shift, and go to state 24
    BOOL_LITERAL  shift, and go to state 25
    REAL_LITERAL  shift, and go to state 26
    NOTOP         shift, and go to state 27
    '('           shift, and go to state 31

    factor    go to state 76
    exp_op    go to state 39
    unary_op  go to state 40
    primary   go to state 41


State 63

   38 factor: factor MULOP • exp_op

    IDENTIFIER    shift, and go to state 23
    INT_LITERAL   shift, and go to state 24
    BOOL_LITERAL  shift, and go to state 25
    REAL_LITERAL  shift, and go to state 26
    NOTOP         shift, and go to state 27
    '('           shift, and go to state 31

    exp_op    go to state 77
    unary_op  go to state 40
    primary   go to state 41


State 64

   39 factor: factor REMOP • exp_op

    IDENTIFIER    shift, and go to state 23
    INT_LITERAL   shift, and go to state 24
    BOOL_LITERAL  shift, and go to state 25
    REAL_LITERAL  shift, and go to state 26
    NOTOP         shift, and go to state 27
    '('           shift, and go to state 31

    exp_op    go to state 78
    unary_op  go to state 40
    primary   go to state 41


State 65

   41 exp_op: unary_op EXPOP • exp_op

    IDENTIFIER    shift, and go to state 23
    INT_LITERAL   shift, and go to state 24
    BOOL_LITERAL  shift, and go to state 25
    REAL_LITERAL  shift, and go to state 26
    NOTOP         shift, and go to state 27
    '('           shift, and go to state 31

    exp_op    go to state 79
    unary_op  go to state 40
    primary   go to state 41


State 66

    2 function_header: FUNCTION IDENTIFIER parameter_ RETURNS type ';' •

    $default  reduce using rule 2 (function_header)


State 67

    7 variable: IDENTIFIER ':' type IS • statement_

    error         shift, and go to state 22
    IDENTIFIER    shift, and go to state 23
    INT_LITERAL   shift, and go to state 24
    BOOL_LITERAL  shift, and go to state 25
    REAL_LITERAL  shift, and go to state 26
    NOTOP         shift, and go to state 27
    REDUCE        shift, and go to state 28
    IF            shift, and go to state 29
    CASE          shift, and go to state 30
    '('           shift, and go to state 31

    statement_  go to state 80
    statement   go to state 33
    expression  go to state 34
    binary_op   go to state 35
    relation    go to state 36
    term        go to state 37
    factor      go to state 38
    exp_op      go to state 39
    unary_op    go to state 40
    primary     go to state 41


State 68

   19 statement: REDUCE operator reduction_ • ENDREDUCE
   28 reduction_: reduction_ • statement_

    error         shift, and go to state 22
    IDENTIFIER    shift, and go to state 23
    INT_LITERAL   shift, and go to state 24
    BOOL_LITERAL  shift, and go to state 25
    REAL_LITERAL  shift, and go to state 26
    NOTOP         shift, and go to state 27
    REDUCE        shift, and go to state 28
    ENDREDUCE     shift, and go to state 81
    IF            shift, and go to state 29
    CASE          shift, and go to state 30
    '('           shift, and go to state 31

    statement_  go to state 82
    statement   go to state 33
    expression  go to state 34
    binary_op   go to state 35
    relation    go to state 36
    term        go to state 37
    factor      go to state 38
    exp_op      go to state 39
    unary_op    go to state 40
    primary     go to state 41


State 69

   20 statement: IF expression THEN • statement_ ELSE statement_ ENDIF

    error         shift, and go to state 22
    IDENTIFIER    shift, and go to state 23
    INT_LITERAL   shift, and go to state 24
    BOOL_LITERAL  shift, and go to state 25
    REAL_LITERAL  shift, and go to state 26
    NOTOP         shift, and go to state 27
    REDUCE        shift, and go to state 28
    IF            shift, and go to state 29
    CASE          shift, and go to state 30
    '('           shift, and go to state 31

    statement_  go to state 83
    statement   go to state 33
    expression  go to state 34
    binary_op   go to state 35
    relation    go to state 36
    term        go to state 37
    factor      go to state 38
    exp_op      go to state 39
    unary_op    go to state 40
    primary     go to state 41


State 70

   22 statement: CASE expression $@1 • IS case_ OTHERS ARROW statement_ ENDCASE

    IS  shift, and go to state 84


State 71

   45 primary: '(' expression ')' •

    $default  reduce using rule 45 (primary)


State 72

   15 body: BEGIN_ statement_ END ';' •

    $default  reduce using rule 15 (body)


State 73

   30 expression: expression OROP relation •
   34 relation: relation • RELOP term

    RELOP  shift, and go to state 61

    $default  reduce using rule 30 (expression)


State 74

   32 binary_op: binary_op ANDOP relation •
   34 relation: relation • RELOP term

    RELOP  shift, and go to state 61

    $default  reduce using rule 32 (binary_op)


State 75

   34 relation: relation RELOP term •
   36 term: term • ADDOP factor

    ADDOP  shift, and go to state 62

    $default  reduce using rule 34 (relation)


State 76

   36 term: term ADDOP factor •
   38 factor: factor • MULOP exp_op
   39       | factor • REMOP exp_op

    MULOP  shift, and go to state 63
    REMOP  shift, and go to state 64

    $default  reduce using rule 36 (term)


State 77

   38 factor: factor MULOP exp_op •

    $default  reduce using rule 38 (factor)


State 78

   39 factor: factor REMOP exp_op •

    $default  reduce using rule 39 (factor)


State 79

   41 exp_op: unary_op EXPOP exp_op •

    $default  reduce using rule 41 (exp_op)


State 80

    7 variable: IDENTIFIER ':' type IS statement_ •

    $default  reduce using rule 7 (variable)


State 81

   19 statement: REDUCE operator reduction_ ENDREDUCE •

    $default  reduce using rule 19 (statement)


State 82

   28 reduction_: reduction_ statement_ •

    $default  reduce using rule 28 (reduction_)


State 83

   20 statement: IF expression THEN statement_ • ELSE statement_ ENDIF

    ELSE  shift, and go to state 85


State 84

   22 statement: CASE expression $@1 IS • case_ OTHERS ARROW statement_ ENDCASE

    $default  reduce using rule 26 (case_)

    case_  go to state 86


State 85

   20 statement: IF expression THEN statement_ ELSE • statement_ ENDIF

    error         shift, and go to state 22
    IDENTIFIER    shift, and go to state 23
    INT_LITERAL   shift, and go to state 24
    BOOL_LITERAL  shift, and go to state 25
    REAL_LITERAL  shift, and go to state 26
    NOTOP         shift, and go to state 27
    REDUCE        shift, and go to state 28
    IF            shift, and go to state 29
    CASE          shift, and go to state 30
    '('           shift, and go to state 31

    statement_  go to state 87
    statement   go to state 33
    expression  go to state 34
    binary_op   go to state 35
    relation    go to state 36
    term        go to state 37
    factor      go to state 38
    exp_op      go to state 39
    unary_op    go to state 40
    primary     go to state 41


State 86

   22 statement: CASE expression $@1 IS case_ • OTHERS ARROW statement_ ENDCASE
   25 case_: case_ • case

    WHEN    shift, and go to state 88
    OTHERS  shift, and go to state 89

    case  go to state 90


State 87

   20 statement: IF expression THEN statement_ ELSE statement_ • ENDIF

    ENDIF  shift, and go to state 91


State 88

   27 case: WHEN • INT_LITERAL ARROW statement_

    INT_LITERAL  shift, and go to state 92


State 89

   22 statement: CASE expression $@1 IS case_ OTHERS • ARROW statement_ ENDCASE

    ARROW  shift, and go to state 93


State 90

   25 case_: case_ case •

    $default  reduce using rule 25 (case_)


State 91

   20 statement: IF expression THEN statement_ ELSE statement_ ENDIF •

    $default  reduce using rule 20 (statement)


State 92

   27 case: WHEN INT_LITERAL • ARROW statement_

    ARROW  shift, and go to state 94


State 93

   22 statement: CASE expression $@1 IS case_ OTHERS ARROW • statement_ ENDCASE

    error         shift, and go to state 22
    IDENTIFIER    shift, and go to state 23
    INT_LITERAL   shift, and go to state 24
    BOOL_LITERAL  shift, and go to state 25
    REAL_LITERAL  shift, and go to state 26
    NOTOP         shift, and go to state 27
    REDUCE        shift, and go to state 28
    IF            shift, and go to state 29
    CASE          shift, and go to state 30
    '('           shift, and go to state 31

    statement_  go to state 95
    statement   go to state 33
    expression  go to state 34
    binary_op   go to state 35
    relation    go to state 36
    term        go to state 37
    factor      go to state 38
    exp_op      go to state 39
    unary_op    go to state 40
    primary     go to state 41


State 94

   27 case: WHEN INT_LITERAL ARROW • statement_

    error         shift, and go to state 22
    IDENTIFIER    shift, and go to state 23
    INT_LITERAL   shift, and go to state 24
    BOOL_LITERAL  shift, and go to state 25
    REAL_LITERAL  shift, and go to state 26
    NOTOP         shift, and go to state 27
    REDUCE        shift, and go to state 28
    IF            shift, and go to state 29
    CASE          shift, and go to state 30
    '('           shift, and go to state 31

    statement_  go to state 96
    statement   go to state 33
    expression  go to state 34
    binary_op   go to state 35
    relation    go to state 36
    term        go to state 37
    factor      go to state 38
    exp_op      go to state 39
    unary_op    go to state 40
    primary     go to state 41


State 95

   22 statement: CASE expression $@1 IS case_ OTHERS ARROW statement_ • ENDCASE

    ENDCASE  shift, and go to state 97


State 96

   27 case: WHEN INT_LITERAL ARROW statement_ •

    $default  reduce using rule 27 (case)


State 97

   22 statement: CASE expression $@1 IS case_ OTHERS ARROW statement_ ENDCASE •

    $default  reduce using rule 22 (statement)
